2025-04-02 14:35:19 [INFO]: Server is running on http://localhost:3000 
2025-04-02 14:35:19 [INFO]: Redis connection succesful 
2025-04-02 14:35:20 [INFO]: Connection succesful 
2025-04-02 14:58:47 [INFO]: Server is running on http://localhost:3000 
2025-04-02 14:58:47 [INFO]: Redis connection succesful 
2025-04-02 14:58:48 [INFO]: Connection succesful 
2025-04-02 15:12:10 [INFO]: Server is running on http://localhost:3000
2025-04-02 15:12:10 [INFO]: Redis connection succesful
2025-04-02 15:12:11 [INFO]: Connection succesful
2025-04-02 15:16:54 [INFO]: Server is running on http://localhost:3000
2025-04-02 15:16:54 [INFO]: Redis connection succesful
2025-04-02 15:16:55 [INFO]: Connection succesful
2025-04-02 15:23:29 [INFO]: Server is running on http://localhost:3000
2025-04-02 15:23:29 [INFO]: Redis connection succesful
2025-04-02 15:23:30 [INFO]: Connection succesful
2025-04-02 15:30:11 [INFO]: Server is running on http://localhost:3000
2025-04-02 15:30:11 [INFO]: Redis connection succesful
2025-04-02 15:30:12 [INFO]: Connection succesful
2025-04-02 15:34:47 [INFO]: Server is running on http://localhost:3000
2025-04-02 15:34:47 [INFO]: Redis connection succesful
2025-04-02 15:34:48 [INFO]: Connection succesful
2025-04-02 15:37:36 [INFO]: Server is running on http://localhost:3000
2025-04-02 15:37:36 [INFO]: Redis connection succesful
2025-04-02 15:37:37 [INFO]: Connection succesful
2025-04-02 17:32:22 [INFO]: Server is running on http://localhost:3000
2025-04-02 17:32:22 [INFO]: Redis connection succesful
2025-04-02 17:32:23 [INFO]: Connection succesful
