2025-04-08 00:02:32 [INFO]: Server is running on http://localhost:3000
2025-04-08 00:02:32 [INFO]: Redis connection succesful
2025-04-08 00:02:33 [INFO]: Connection succesful
2025-04-08 00:06:04 [ERROR]: Task validation failed: user: Path `user` is required.
ValidationError: Task validation failed: user: Path `user` is required.
    at Document.invalidate (/home/gabriel/projects/tasks-service/node_modules/mongoose/lib/document.js:3329:32)
    at /home/gabriel/projects/tasks-service/node_modules/mongoose/lib/document.js:3090:17
    at /home/gabriel/projects/tasks-service/node_modules/mongoose/lib/schemaType.js:1407:9
    at process.processTicksAndRejections (node:internal/process/task_queues:77:11)
2025-04-08 00:11:45 [ERROR]: Task validation failed: user: Path `user` is required.
ValidationError: Task validation failed: user: Path `user` is required.
    at Document.invalidate (/home/gabriel/projects/tasks-service/node_modules/mongoose/lib/document.js:3329:32)
    at /home/gabriel/projects/tasks-service/node_modules/mongoose/lib/document.js:3090:17
    at /home/gabriel/projects/tasks-service/node_modules/mongoose/lib/schemaType.js:1407:9
    at process.processTicksAndRejections (node:internal/process/task_queues:77:11)
2025-04-08 00:11:46 [ERROR]: Task validation failed: user: Path `user` is required.
ValidationError: Task validation failed: user: Path `user` is required.
    at Document.invalidate (/home/gabriel/projects/tasks-service/node_modules/mongoose/lib/document.js:3329:32)
    at /home/gabriel/projects/tasks-service/node_modules/mongoose/lib/document.js:3090:17
    at /home/gabriel/projects/tasks-service/node_modules/mongoose/lib/schemaType.js:1407:9
    at process.processTicksAndRejections (node:internal/process/task_queues:77:11)
2025-04-08 01:07:28 [INFO]: Server is running on http://localhost:3000
2025-04-08 01:07:28 [INFO]: Redis connection succesful
2025-04-08 01:07:29 [INFO]: Connection succesful
2025-04-08 01:20:43 [INFO]: Server is running on http://localhost:3000
2025-04-08 01:20:43 [INFO]: Redis connection succesful
2025-04-08 01:20:44 [INFO]: Connection succesful
2025-04-08 01:25:30 [INFO]: Server is running on http://localhost:3000
2025-04-08 01:25:30 [INFO]: Redis connection succesful
2025-04-08 01:25:36 [INFO]: Connection succesful
2025-04-08 01:42:12 [INFO]: Server is running on http://localhost:3000
2025-04-08 01:42:12 [INFO]: Redis connection succesful
2025-04-08 01:42:14 [INFO]: Connection succesful
2025-04-08 01:44:11 [INFO]: Server is running on http://localhost:3000
2025-04-08 01:44:11 [INFO]: Redis connection succesful
2025-04-08 01:44:15 [INFO]: Connection succesful
2025-04-08 01:46:27 [INFO]: Server is running on http://localhost:3000
2025-04-08 01:46:27 [INFO]: Redis connection succesful
2025-04-08 01:46:29 [INFO]: Connection succesful
2025-04-08 01:48:07 [INFO]: Server is running on http://localhost:3000
2025-04-08 01:48:07 [INFO]: Redis connection succesful
2025-04-08 01:48:09 [INFO]: Connection succesful
2025-04-08 01:49:45 [INFO]: Server is running on http://localhost:3000
2025-04-08 01:49:45 [INFO]: Redis connection succesful
2025-04-08 01:49:47 [INFO]: Connection succesful
2025-04-08 01:53:35 [INFO]: >>> TASK HANDLER (POST): Entered for path /api/tasks/, Method: POST
2025-04-08 01:53:35 [ERROR]: >>> TASK HANDLER (POST): Critical Error - Missing x-user-id header!
2025-04-08 02:02:42 [INFO]: >>> TASK HANDLER (POST): Entered for path /api/tasks/, Method: POST
2025-04-08 02:02:42 [ERROR]: >>> TASK HANDLER (POST): Critical Error - Missing x-user-id header!
2025-04-08 02:07:08 [INFO]: Server is running on http://localhost:3000
2025-04-08 02:07:08 [INFO]: Redis connection succesful
2025-04-08 02:07:09 [INFO]: Connection succesful
2025-04-08 02:07:47 [ERROR]: request aborted {"message":"request aborted","code":"ECONNABORTED","expected":63,"length":63,"received":0,"type":"request.aborted"}
BadRequestError: request aborted
    at IncomingMessage.onAborted (/home/gabriel/projects/tasks-service/node_modules/raw-body/index.js:245:10)
    at IncomingMessage.emit (node:events:517:28)
    at IncomingMessage._destroy (node:_http_incoming:224:10)
    at _destroy (node:internal/streams/destroy:109:10)
    at IncomingMessage.destroy (node:internal/streams/destroy:71:5)
    at abortIncoming (node:_http_server:782:9)
    at socketOnClose (node:_http_server:776:3)
    at Socket.emit (node:events:529:35)
    at TCP.<anonymous> (node:net:351:12)
2025-04-08 02:10:26 [INFO]: Server is running on http://localhost:3000
2025-04-08 02:10:26 [INFO]: Redis connection succesful
2025-04-08 02:10:32 [INFO]: Connection succesful
2025-04-08 02:11:03 [ERROR]: request aborted {"message":"request aborted","code":"ECONNABORTED","expected":63,"length":63,"received":0,"type":"request.aborted"}
BadRequestError: request aborted
    at IncomingMessage.onAborted (/home/gabriel/projects/tasks-service/node_modules/raw-body/index.js:245:10)
    at IncomingMessage.emit (node:events:517:28)
    at IncomingMessage._destroy (node:_http_incoming:224:10)
    at _destroy (node:internal/streams/destroy:109:10)
    at IncomingMessage.destroy (node:internal/streams/destroy:71:5)
    at abortIncoming (node:_http_server:782:9)
    at socketOnClose (node:_http_server:776:3)
    at Socket.emit (node:events:529:35)
    at TCP.<anonymous> (node:net:351:12)
2025-04-08 02:14:58 [ERROR]: request aborted {"message":"request aborted","code":"ECONNABORTED","expected":26,"length":26,"received":0,"type":"request.aborted"}
BadRequestError: request aborted
    at IncomingMessage.onAborted (/home/gabriel/projects/tasks-service/node_modules/raw-body/index.js:245:10)
    at IncomingMessage.emit (node:events:517:28)
    at IncomingMessage._destroy (node:_http_incoming:224:10)
    at _destroy (node:internal/streams/destroy:109:10)
    at IncomingMessage.destroy (node:internal/streams/destroy:71:5)
    at abortIncoming (node:_http_server:782:9)
    at socketOnClose (node:_http_server:776:3)
    at Socket.emit (node:events:529:35)
    at TCP.<anonymous> (node:net:351:12)
2025-04-08 02:26:28 [ERROR]: request aborted {"message":"request aborted","code":"ECONNABORTED","expected":26,"length":26,"received":0,"type":"request.aborted"}
BadRequestError: request aborted
    at IncomingMessage.onAborted (/home/gabriel/projects/tasks-service/node_modules/raw-body/index.js:245:10)
    at IncomingMessage.emit (node:events:517:28)
    at IncomingMessage._destroy (node:_http_incoming:224:10)
    at _destroy (node:internal/streams/destroy:109:10)
    at IncomingMessage.destroy (node:internal/streams/destroy:71:5)
    at abortIncoming (node:_http_server:782:9)
    at socketOnClose (node:_http_server:776:3)
    at Socket.emit (node:events:529:35)
    at TCP.<anonymous> (node:net:351:12)
2025-04-08 02:32:22 [INFO]: Server is running on http://localhost:3000
2025-04-08 02:32:22 [INFO]: Redis connection succesful
2025-04-08 02:32:24 [INFO]: Connection succesful
2025-04-08 02:33:42 [INFO]: Server is running on http://localhost:3000
2025-04-08 02:33:42 [INFO]: Redis connection succesful
2025-04-08 02:33:46 [INFO]: Connection succesful
2025-04-08 02:34:36 [ERROR]: request aborted {"message":"request aborted","code":"ECONNABORTED","expected":26,"length":26,"received":0,"type":"request.aborted"}
BadRequestError: request aborted
    at IncomingMessage.onAborted (/home/gabriel/projects/tasks-service/node_modules/raw-body/index.js:245:10)
    at IncomingMessage.emit (node:events:517:28)
    at IncomingMessage._destroy (node:_http_incoming:224:10)
    at _destroy (node:internal/streams/destroy:109:10)
    at IncomingMessage.destroy (node:internal/streams/destroy:71:5)
    at abortIncoming (node:_http_server:782:9)
    at socketOnClose (node:_http_server:776:3)
    at Socket.emit (node:events:529:35)
    at TCP.<anonymous> (node:net:351:12)
2025-04-08 02:34:47 [ERROR]: request aborted {"message":"request aborted","code":"ECONNABORTED","expected":26,"length":26,"received":0,"type":"request.aborted"}
BadRequestError: request aborted
    at IncomingMessage.onAborted (/home/gabriel/projects/tasks-service/node_modules/raw-body/index.js:245:10)
    at IncomingMessage.emit (node:events:517:28)
    at IncomingMessage._destroy (node:_http_incoming:224:10)
    at _destroy (node:internal/streams/destroy:109:10)
    at IncomingMessage.destroy (node:internal/streams/destroy:71:5)
    at abortIncoming (node:_http_server:782:9)
    at socketOnClose (node:_http_server:776:3)
    at Socket.emit (node:events:529:35)
    at TCP.<anonymous> (node:net:351:12)
2025-04-08 02:39:43 [INFO]: Server is running on http://localhost:3000
2025-04-08 02:39:43 [INFO]: Redis connection succesful
2025-04-08 02:39:45 [INFO]: Connection succesful
2025-04-08 02:40:20 [ERROR]: request aborted {"message":"request aborted","code":"ECONNABORTED","expected":26,"length":26,"received":0,"type":"request.aborted"}
BadRequestError: request aborted
    at IncomingMessage.onAborted (/home/gabriel/projects/tasks-service/node_modules/raw-body/index.js:245:10)
    at IncomingMessage.emit (node:events:517:28)
    at IncomingMessage._destroy (node:_http_incoming:224:10)
    at _destroy (node:internal/streams/destroy:109:10)
    at IncomingMessage.destroy (node:internal/streams/destroy:71:5)
    at abortIncoming (node:_http_server:782:9)
    at socketOnClose (node:_http_server:776:3)
    at Socket.emit (node:events:529:35)
    at TCP.<anonymous> (node:net:351:12)
2025-04-08 02:40:29 [ERROR]: request aborted {"message":"request aborted","code":"ECONNABORTED","expected":26,"length":26,"received":0,"type":"request.aborted"}
BadRequestError: request aborted
    at IncomingMessage.onAborted (/home/gabriel/projects/tasks-service/node_modules/raw-body/index.js:245:10)
    at IncomingMessage.emit (node:events:517:28)
    at IncomingMessage._destroy (node:_http_incoming:224:10)
    at _destroy (node:internal/streams/destroy:109:10)
    at IncomingMessage.destroy (node:internal/streams/destroy:71:5)
    at abortIncoming (node:_http_server:782:9)
    at socketOnClose (node:_http_server:776:3)
    at Socket.emit (node:events:529:35)
    at TCP.<anonymous> (node:net:351:12)
2025-04-08 02:45:48 [ERROR]: request aborted {"message":"request aborted","code":"ECONNABORTED","expected":26,"length":26,"received":0,"type":"request.aborted"}
BadRequestError: request aborted
    at IncomingMessage.onAborted (/home/gabriel/projects/tasks-service/node_modules/raw-body/index.js:245:10)
    at IncomingMessage.emit (node:events:517:28)
    at IncomingMessage._destroy (node:_http_incoming:224:10)
    at _destroy (node:internal/streams/destroy:109:10)
    at IncomingMessage.destroy (node:internal/streams/destroy:71:5)
    at abortIncoming (node:_http_server:782:9)
    at socketOnClose (node:_http_server:776:3)
    at Socket.emit (node:events:529:35)
    at TCP.<anonymous> (node:net:351:12)
2025-04-08 02:45:53 [ERROR]: request aborted {"message":"request aborted","code":"ECONNABORTED","expected":26,"length":26,"received":0,"type":"request.aborted"}
BadRequestError: request aborted
    at IncomingMessage.onAborted (/home/gabriel/projects/tasks-service/node_modules/raw-body/index.js:245:10)
    at IncomingMessage.emit (node:events:517:28)
    at IncomingMessage._destroy (node:_http_incoming:224:10)
    at _destroy (node:internal/streams/destroy:109:10)
    at IncomingMessage.destroy (node:internal/streams/destroy:71:5)
    at abortIncoming (node:_http_server:782:9)
    at socketOnClose (node:_http_server:776:3)
    at Socket.emit (node:events:529:35)
    at TCP.<anonymous> (node:net:351:12)
2025-04-08 02:49:57 [ERROR]: request aborted {"message":"request aborted","code":"ECONNABORTED","expected":26,"length":26,"received":0,"type":"request.aborted"}
BadRequestError: request aborted
    at IncomingMessage.onAborted (/home/gabriel/projects/tasks-service/node_modules/raw-body/index.js:245:10)
    at IncomingMessage.emit (node:events:517:28)
    at IncomingMessage._destroy (node:_http_incoming:224:10)
    at _destroy (node:internal/streams/destroy:109:10)
    at IncomingMessage.destroy (node:internal/streams/destroy:71:5)
    at abortIncoming (node:_http_server:782:9)
    at socketOnClose (node:_http_server:776:3)
    at Socket.emit (node:events:529:35)
    at TCP.<anonymous> (node:net:351:12)
2025-04-08 02:52:15 [ERROR]: request aborted {"message":"request aborted","code":"ECONNABORTED","expected":26,"length":26,"received":0,"type":"request.aborted"}
BadRequestError: request aborted
    at IncomingMessage.onAborted (/home/gabriel/projects/tasks-service/node_modules/raw-body/index.js:245:10)
    at IncomingMessage.emit (node:events:517:28)
    at IncomingMessage._destroy (node:_http_incoming:224:10)
    at _destroy (node:internal/streams/destroy:109:10)
    at IncomingMessage.destroy (node:internal/streams/destroy:71:5)
    at abortIncoming (node:_http_server:782:9)
    at socketOnClose (node:_http_server:776:3)
    at Socket.emit (node:events:529:35)
    at TCP.<anonymous> (node:net:351:12)
2025-04-08 02:52:51 [ERROR]: request aborted {"message":"request aborted","code":"ECONNABORTED","expected":26,"length":26,"received":0,"type":"request.aborted"}
BadRequestError: request aborted
    at IncomingMessage.onAborted (/home/gabriel/projects/tasks-service/node_modules/raw-body/index.js:245:10)
    at IncomingMessage.emit (node:events:517:28)
    at IncomingMessage._destroy (node:_http_incoming:224:10)
    at _destroy (node:internal/streams/destroy:109:10)
    at IncomingMessage.destroy (node:internal/streams/destroy:71:5)
    at abortIncoming (node:_http_server:782:9)
    at socketOnClose (node:_http_server:776:3)
    at Socket.emit (node:events:529:35)
    at TCP.<anonymous> (node:net:351:12)
2025-04-08 02:54:38 [ERROR]: request aborted {"message":"request aborted","code":"ECONNABORTED","expected":26,"length":26,"received":0,"type":"request.aborted"}
BadRequestError: request aborted
    at IncomingMessage.onAborted (/home/gabriel/projects/tasks-service/node_modules/raw-body/index.js:245:10)
    at IncomingMessage.emit (node:events:517:28)
    at IncomingMessage._destroy (node:_http_incoming:224:10)
    at _destroy (node:internal/streams/destroy:109:10)
    at IncomingMessage.destroy (node:internal/streams/destroy:71:5)
    at abortIncoming (node:_http_server:782:9)
    at socketOnClose (node:_http_server:776:3)
    at Socket.emit (node:events:529:35)
    at TCP.<anonymous> (node:net:351:12)
2025-04-08 02:55:31 [ERROR]: request aborted {"message":"request aborted","code":"ECONNABORTED","expected":26,"length":26,"received":0,"type":"request.aborted"}
BadRequestError: request aborted
    at IncomingMessage.onAborted (/home/gabriel/projects/tasks-service/node_modules/raw-body/index.js:245:10)
    at IncomingMessage.emit (node:events:517:28)
    at IncomingMessage._destroy (node:_http_incoming:224:10)
    at _destroy (node:internal/streams/destroy:109:10)
    at IncomingMessage.destroy (node:internal/streams/destroy:71:5)
    at abortIncoming (node:_http_server:782:9)
    at socketOnClose (node:_http_server:776:3)
    at Socket.emit (node:events:529:35)
    at TCP.<anonymous> (node:net:351:12)
2025-04-08 02:56:08 [ERROR]: request aborted {"message":"request aborted","code":"ECONNABORTED","expected":26,"length":26,"received":0,"type":"request.aborted"}
BadRequestError: request aborted
    at IncomingMessage.onAborted (/home/gabriel/projects/tasks-service/node_modules/raw-body/index.js:245:10)
    at IncomingMessage.emit (node:events:517:28)
    at IncomingMessage._destroy (node:_http_incoming:224:10)
    at _destroy (node:internal/streams/destroy:109:10)
    at IncomingMessage.destroy (node:internal/streams/destroy:71:5)
    at abortIncoming (node:_http_server:782:9)
    at socketOnClose (node:_http_server:776:3)
    at Socket.emit (node:events:529:35)
    at TCP.<anonymous> (node:net:351:12)
2025-04-08 18:36:43 [INFO]: Server is running on http://localhost:3000
2025-04-08 18:36:43 [INFO]: Redis connection succesful
2025-04-08 18:36:44 [INFO]: Connection succesful
2025-04-08 18:39:30 [INFO]: >>> TASK HANDLER (POST): Entered for path /api/tasks, Method: POST
2025-04-08 18:39:30 [INFO]: >>> TASK HANDLER (POST): Processing task creation for user 67f5b2d660539caef716bd80
2025-04-08 18:39:30 [INFO]: >>> TASK HANDLER (POST): Sending SUCCESS response (201) for user 67f5b2d660539caef716bd80
2025-04-08 18:39:33 [INFO]: >>> TASK HANDLER (POST): Entered for path /api/tasks, Method: POST
2025-04-08 18:39:33 [INFO]: >>> TASK HANDLER (POST): Processing task creation for user 67f5b2d660539caef716bd80
2025-04-08 18:39:33 [INFO]: >>> TASK HANDLER (POST): Sending SUCCESS response (201) for user 67f5b2d660539caef716bd80
2025-04-08 18:39:36 [INFO]: >>> TASK HANDLER (POST): Entered for path /api/tasks, Method: POST
2025-04-08 18:39:36 [INFO]: >>> TASK HANDLER (POST): Processing task creation for user 67f5b2d660539caef716bd80
2025-04-08 18:39:36 [INFO]: >>> TASK HANDLER (POST): Sending SUCCESS response (201) for user 67f5b2d660539caef716bd80
2025-04-08 18:39:43 [INFO]: >>> TASK HANDLER (POST): Entered for path /api/tasks, Method: POST
2025-04-08 18:39:43 [INFO]: >>> TASK HANDLER (POST): Processing task creation for user 67f5b2d660539caef716bd80
2025-04-08 18:39:43 [INFO]: >>> TASK HANDLER (POST): Sending SUCCESS response (201) for user 67f5b2d660539caef716bd80
2025-04-08 18:39:45 [INFO]: >>> TASK HANDLER (POST): Entered for path /api/tasks, Method: POST
2025-04-08 18:39:45 [INFO]: >>> TASK HANDLER (POST): Processing task creation for user 67f5b2d660539caef716bd80
2025-04-08 18:39:46 [INFO]: >>> TASK HANDLER (POST): Sending SUCCESS response (201) for user 67f5b2d660539caef716bd80
